{"C:\\Users\\chris\\OneDrive\\Documents\\Hacktiv8\\Phase2\\3w\\2d\\IP-BSD008-chris\\server\\app.js": {"path":"C:\\Users\\chris\\OneDrive\\Documents\\Hacktiv8\\Phase2\\3w\\2d\\IP-BSD008-chris\\server\\app.js","statementMap":{"0":{"start":{"line":1,"column":0},"end":{"line":3,"column":1}},"1":{"start":{"line":2,"column":1},"end":{"line":2,"column":28}},"2":{"start":{"line":4,"column":16},"end":{"line":4,"column":34}},"3":{"start":{"line":5,"column":12},"end":{"line":5,"column":21}},"4":{"start":{"line":6,"column":13},"end":{"line":6,"column":28}},"5":{"start":{"line":7,"column":15},"end":{"line":7,"column":35}},"6":{"start":{"line":8,"column":21},"end":{"line":8,"column":58}},"7":{"start":{"line":10,"column":0},"end":{"line":10,"column":16}},"8":{"start":{"line":11,"column":0},"end":{"line":11,"column":46}},"9":{"start":{"line":12,"column":0},"end":{"line":12,"column":24}},"10":{"start":{"line":13,"column":0},"end":{"line":13,"column":16}},"11":{"start":{"line":14,"column":0},"end":{"line":14,"column":22}},"12":{"start":{"line":16,"column":0},"end":{"line":16,"column":21}}},"fnMap":{},"branchMap":{"0":{"loc":{"start":{"line":1,"column":0},"end":{"line":3,"column":1}},"type":"if","locations":[{"start":{"line":1,"column":0},"end":{"line":3,"column":1}},{"start":{},"end":{}}],"line":1}},"s":{"0":3,"1":3,"2":3,"3":3,"4":3,"5":3,"6":3,"7":3,"8":3,"9":3,"10":3,"11":3,"12":3},"f":{},"b":{"0":[3,0]},"_coverageSchema":"1a1c01bbd47fc00a2c39e90264f33305004495a9","hash":"7fca1ed8a6edcad78d7bba6f6027ad5999f083fd"}
,"C:\\Users\\chris\\OneDrive\\Documents\\Hacktiv8\\Phase2\\3w\\2d\\IP-BSD008-chris\\server\\controllers\\mainController.js": {"path":"C:\\Users\\chris\\OneDrive\\Documents\\Hacktiv8\\Phase2\\3w\\2d\\IP-BSD008-chris\\server\\controllers\\mainController.js","statementMap":{"0":{"start":{"line":1,"column":25},"end":{"line":1,"column":41}},"1":{"start":{"line":2,"column":27},"end":{"line":2,"column":47}},"2":{"start":{"line":6,"column":2},"end":{"line":20,"column":3}},"3":{"start":{"line":7,"column":23},"end":{"line":7,"column":80}},"4":{"start":{"line":8,"column":19},"end":{"line":8,"column":28}},"5":{"start":{"line":9,"column":20},"end":{"line":16,"column":4}},"6":{"start":{"line":17,"column":3},"end":{"line":17,"column":39}},"7":{"start":{"line":19,"column":3},"end":{"line":19,"column":15}},"8":{"start":{"line":24,"column":2},"end":{"line":31,"column":3}},"9":{"start":{"line":25,"column":18},"end":{"line":25,"column":34}},"10":{"start":{"line":26,"column":27},"end":{"line":26,"column":68}},"11":{"start":{"line":27,"column":3},"end":{"line":27,"column":41}},"12":{"start":{"line":29,"column":23},"end":{"line":29,"column":78}},"13":{"start":{"line":30,"column":3},"end":{"line":30,"column":15}},"14":{"start":{"line":35,"column":2},"end":{"line":43,"column":3}},"15":{"start":{"line":36,"column":16},"end":{"line":36,"column":26}},"16":{"start":{"line":37,"column":23},"end":{"line":37,"column":89}},"17":{"start":{"line":38,"column":26},"end":{"line":38,"column":63}},"18":{"start":{"line":39,"column":3},"end":{"line":39,"column":40}},"19":{"start":{"line":41,"column":23},"end":{"line":41,"column":78}},"20":{"start":{"line":42,"column":3},"end":{"line":42,"column":15}},"21":{"start":{"line":47,"column":2},"end":{"line":63,"column":3}},"22":{"start":{"line":48,"column":23},"end":{"line":48,"column":81}},"23":{"start":{"line":49,"column":56},"end":{"line":49,"column":64}},"24":{"start":{"line":50,"column":18},"end":{"line":50,"column":34}},"25":{"start":{"line":51,"column":23},"end":{"line":51,"column":100}},"26":{"start":{"line":52,"column":22},"end":{"line":58,"column":5}},"27":{"start":{"line":59,"column":3},"end":{"line":59,"column":76}},"28":{"start":{"line":61,"column":23},"end":{"line":61,"column":78}},"29":{"start":{"line":62,"column":3},"end":{"line":62,"column":15}},"30":{"start":{"line":67,"column":2},"end":{"line":84,"column":3}},"31":{"start":{"line":68,"column":26},"end":{"line":68,"column":34}},"32":{"start":{"line":69,"column":18},"end":{"line":80,"column":4}},"33":{"start":{"line":81,"column":3},"end":{"line":81,"column":30}},"34":{"start":{"line":83,"column":3},"end":{"line":83,"column":15}},"35":{"start":{"line":88,"column":2},"end":{"line":94,"column":3}},"36":{"start":{"line":89,"column":16},"end":{"line":89,"column":63}},"37":{"start":{"line":90,"column":3},"end":{"line":90,"column":30}},"38":{"start":{"line":92,"column":23},"end":{"line":92,"column":78}},"39":{"start":{"line":93,"column":3},"end":{"line":93,"column":15}},"40":{"start":{"line":98,"column":2},"end":{"line":108,"column":3}},"41":{"start":{"line":99,"column":44},"end":{"line":99,"column":52}},"42":{"start":{"line":100,"column":24},"end":{"line":100,"column":59}},"43":{"start":{"line":101,"column":18},"end":{"line":103,"column":4}},"44":{"start":{"line":104,"column":23},"end":{"line":104,"column":79}},"45":{"start":{"line":105,"column":3},"end":{"line":105,"column":65}},"46":{"start":{"line":107,"column":3},"end":{"line":107,"column":15}},"47":{"start":{"line":112,"column":0},"end":{"line":112,"column":32}},"48":{"start":{"line":119,"column":38},"end":{"line":119,"column":37654}},"49":{"start":{"line":119,"column":42},"end":{"line":119,"column":37643}},"50":{"start":{"line":119,"column":37679},"end":{"line":119,"column":37719}},"51":{"start":{"line":119,"column":37683},"end":{"line":119,"column":37708}},"52":{"start":{"line":119,"column":37720},"end":{"line":119,"column":37728}},"53":{"start":{"line":119,"column":37753},"end":{"line":119,"column":37795}},"54":{"start":{"line":119,"column":37757},"end":{"line":119,"column":37784}},"55":{"start":{"line":119,"column":37796},"end":{"line":119,"column":37804}},"56":{"start":{"line":119,"column":37823},"end":{"line":119,"column":37860}},"57":{"start":{"line":119,"column":37827},"end":{"line":119,"column":37849}},"58":{"start":{"line":119,"column":37879},"end":{"line":119,"column":37919}},"59":{"start":{"line":119,"column":37883},"end":{"line":119,"column":37908}}},"fnMap":{"0":{"name":"(anonymous_0)","decl":{"start":{"line":5,"column":1},"end":{"line":5,"column":2}},"loc":{"start":{"line":5,"column":43},"end":{"line":21,"column":2}},"line":5},"1":{"name":"(anonymous_1)","decl":{"start":{"line":23,"column":1},"end":{"line":23,"column":2}},"loc":{"start":{"line":23,"column":40},"end":{"line":32,"column":2}},"line":23},"2":{"name":"(anonymous_2)","decl":{"start":{"line":34,"column":1},"end":{"line":34,"column":2}},"loc":{"start":{"line":34,"column":46},"end":{"line":44,"column":2}},"line":34},"3":{"name":"(anonymous_3)","decl":{"start":{"line":46,"column":1},"end":{"line":46,"column":2}},"loc":{"start":{"line":46,"column":41},"end":{"line":64,"column":2}},"line":46},"4":{"name":"(anonymous_4)","decl":{"start":{"line":66,"column":1},"end":{"line":66,"column":2}},"loc":{"start":{"line":66,"column":44},"end":{"line":85,"column":2}},"line":66},"5":{"name":"(anonymous_5)","decl":{"start":{"line":87,"column":1},"end":{"line":87,"column":2}},"loc":{"start":{"line":87,"column":46},"end":{"line":95,"column":2}},"line":87},"6":{"name":"(anonymous_6)","decl":{"start":{"line":97,"column":1},"end":{"line":97,"column":2}},"loc":{"start":{"line":97,"column":55},"end":{"line":109,"column":2}},"line":97},"7":{"name":"oo_cm","decl":{"start":{"line":119,"column":30},"end":{"line":119,"column":35}},"loc":{"start":{"line":119,"column":37},"end":{"line":119,"column":37655}},"line":119},"8":{"name":"oo_oo","decl":{"start":{"line":119,"column":37665},"end":{"line":119,"column":37670}},"loc":{"start":{"line":119,"column":37678},"end":{"line":119,"column":37729}},"line":119},"9":{"name":"oo_tr","decl":{"start":{"line":119,"column":37739},"end":{"line":119,"column":37744}},"loc":{"start":{"line":119,"column":37752},"end":{"line":119,"column":37805}},"line":119},"10":{"name":"oo_ts","decl":{"start":{"line":119,"column":37815},"end":{"line":119,"column":37820}},"loc":{"start":{"line":119,"column":37822},"end":{"line":119,"column":37861}},"line":119},"11":{"name":"oo_te","decl":{"start":{"line":119,"column":37871},"end":{"line":119,"column":37876}},"loc":{"start":{"line":119,"column":37878},"end":{"line":119,"column":37920}},"line":119}},"branchMap":{"0":{"loc":{"start":{"line":119,"column":49},"end":{"line":119,"column":37642}},"type":"binary-expr","locations":[{"start":{"line":119,"column":49},"end":{"line":119,"column":86}},{"start":{"line":119,"column":90},"end":{"line":119,"column":37642}}],"line":119}},"s":{"0":3,"1":3,"2":1,"3":1,"4":1,"5":1,"6":1,"7":0,"8":1,"9":1,"10":1,"11":1,"12":0,"13":0,"14":2,"15":2,"16":2,"17":2,"18":2,"19":0,"20":0,"21":2,"22":2,"23":2,"24":2,"25":2,"26":2,"27":1,"28":1,"29":1,"30":1,"31":1,"32":1,"33":1,"34":0,"35":1,"36":1,"37":1,"38":0,"39":0,"40":1,"41":1,"42":1,"43":1,"44":1,"45":1,"46":0,"47":3,"48":9,"49":9,"50":9,"51":9,"52":9,"53":0,"54":0,"55":0,"56":0,"57":0,"58":0,"59":0},"f":{"0":1,"1":1,"2":2,"3":2,"4":1,"5":1,"6":1,"7":9,"8":9,"9":0,"10":0,"11":0},"b":{"0":[9,0]},"_coverageSchema":"1a1c01bbd47fc00a2c39e90264f33305004495a9","hash":"482a91a52e1fecf54a793d5367da2aacbe07e913"}
,"C:\\Users\\chris\\OneDrive\\Documents\\Hacktiv8\\Phase2\\3w\\2d\\IP-BSD008-chris\\server\\controllers\\userController.js": {"path":"C:\\Users\\chris\\OneDrive\\Documents\\Hacktiv8\\Phase2\\3w\\2d\\IP-BSD008-chris\\server\\controllers\\userController.js","statementMap":{"0":{"start":{"line":1,"column":22},"end":{"line":1,"column":50}},"1":{"start":{"line":2,"column":33},"end":{"line":2,"column":58}},"2":{"start":{"line":3,"column":15},"end":{"line":3,"column":35}},"3":{"start":{"line":4,"column":23},"end":{"line":4,"column":53}},"4":{"start":{"line":8,"column":2},"end":{"line":26,"column":3}},"5":{"start":{"line":9,"column":39},"end":{"line":9,"column":47}},"6":{"start":{"line":11,"column":26},"end":{"line":15,"column":5}},"7":{"start":{"line":16,"column":23},"end":{"line":16,"column":79}},"8":{"start":{"line":17,"column":16},"end":{"line":21,"column":4}},"9":{"start":{"line":23,"column":3},"end":{"line":23,"column":34}},"10":{"start":{"line":25,"column":3},"end":{"line":25,"column":15}},"11":{"start":{"line":30,"column":2},"end":{"line":57,"column":3}},"12":{"start":{"line":32,"column":29},"end":{"line":32,"column":37}},"13":{"start":{"line":33,"column":3},"end":{"line":35,"column":4}},"14":{"start":{"line":34,"column":4},"end":{"line":34,"column":34}},"15":{"start":{"line":36,"column":21},"end":{"line":36,"column":57}},"16":{"start":{"line":38,"column":3},"end":{"line":40,"column":4}},"17":{"start":{"line":39,"column":4},"end":{"line":39,"column":46}},"18":{"start":{"line":42,"column":16},"end":{"line":42,"column":63}},"19":{"start":{"line":43,"column":26},"end":{"line":43,"column":35}},"20":{"start":{"line":44,"column":19},"end":{"line":48,"column":4}},"21":{"start":{"line":49,"column":3},"end":{"line":53,"column":4}},"22":{"start":{"line":50,"column":4},"end":{"line":50,"column":31}},"23":{"start":{"line":52,"column":4},"end":{"line":52,"column":46}},"24":{"start":{"line":54,"column":3},"end":{"line":54,"column":71}},"25":{"start":{"line":56,"column":3},"end":{"line":56,"column":15}},"26":{"start":{"line":61,"column":2},"end":{"line":95,"column":3}},"27":{"start":{"line":62,"column":23},"end":{"line":62,"column":79}},"28":{"start":{"line":63,"column":19},"end":{"line":63,"column":30}},"29":{"start":{"line":64,"column":18},"end":{"line":64,"column":36}},"30":{"start":{"line":66,"column":18},"end":{"line":71,"column":5}},"31":{"start":{"line":72,"column":19},"end":{"line":72,"column":38}},"32":{"start":{"line":73,"column":18},"end":{"line":73,"column":32}},"33":{"start":{"line":79,"column":27},"end":{"line":89,"column":5}},"34":{"start":{"line":91,"column":24},"end":{"line":91,"column":54}},"35":{"start":{"line":92,"column":3},"end":{"line":92,"column":60}},"36":{"start":{"line":94,"column":3},"end":{"line":94,"column":15}},"37":{"start":{"line":99,"column":0},"end":{"line":99,"column":32}},"38":{"start":{"line":106,"column":38},"end":{"line":106,"column":37654}},"39":{"start":{"line":106,"column":42},"end":{"line":106,"column":37643}},"40":{"start":{"line":106,"column":37679},"end":{"line":106,"column":37719}},"41":{"start":{"line":106,"column":37683},"end":{"line":106,"column":37708}},"42":{"start":{"line":106,"column":37720},"end":{"line":106,"column":37728}},"43":{"start":{"line":106,"column":37753},"end":{"line":106,"column":37795}},"44":{"start":{"line":106,"column":37757},"end":{"line":106,"column":37784}},"45":{"start":{"line":106,"column":37796},"end":{"line":106,"column":37804}},"46":{"start":{"line":106,"column":37823},"end":{"line":106,"column":37860}},"47":{"start":{"line":106,"column":37827},"end":{"line":106,"column":37849}},"48":{"start":{"line":106,"column":37879},"end":{"line":106,"column":37919}},"49":{"start":{"line":106,"column":37883},"end":{"line":106,"column":37908}}},"fnMap":{"0":{"name":"(anonymous_0)","decl":{"start":{"line":7,"column":1},"end":{"line":7,"column":2}},"loc":{"start":{"line":7,"column":39},"end":{"line":27,"column":2}},"line":7},"1":{"name":"(anonymous_1)","decl":{"start":{"line":29,"column":1},"end":{"line":29,"column":2}},"loc":{"start":{"line":29,"column":36},"end":{"line":58,"column":2}},"line":29},"2":{"name":"(anonymous_2)","decl":{"start":{"line":60,"column":1},"end":{"line":60,"column":2}},"loc":{"start":{"line":60,"column":42},"end":{"line":96,"column":2}},"line":60},"3":{"name":"oo_cm","decl":{"start":{"line":106,"column":30},"end":{"line":106,"column":35}},"loc":{"start":{"line":106,"column":37},"end":{"line":106,"column":37655}},"line":106},"4":{"name":"oo_oo","decl":{"start":{"line":106,"column":37665},"end":{"line":106,"column":37670}},"loc":{"start":{"line":106,"column":37678},"end":{"line":106,"column":37729}},"line":106},"5":{"name":"oo_tr","decl":{"start":{"line":106,"column":37739},"end":{"line":106,"column":37744}},"loc":{"start":{"line":106,"column":37752},"end":{"line":106,"column":37805}},"line":106},"6":{"name":"oo_ts","decl":{"start":{"line":106,"column":37815},"end":{"line":106,"column":37820}},"loc":{"start":{"line":106,"column":37822},"end":{"line":106,"column":37861}},"line":106},"7":{"name":"oo_te","decl":{"start":{"line":106,"column":37871},"end":{"line":106,"column":37876}},"loc":{"start":{"line":106,"column":37878},"end":{"line":106,"column":37920}},"line":106}},"branchMap":{"0":{"loc":{"start":{"line":33,"column":3},"end":{"line":35,"column":4}},"type":"if","locations":[{"start":{"line":33,"column":3},"end":{"line":35,"column":4}},{"start":{},"end":{}}],"line":33},"1":{"loc":{"start":{"line":33,"column":7},"end":{"line":33,"column":26}},"type":"binary-expr","locations":[{"start":{"line":33,"column":7},"end":{"line":33,"column":13}},{"start":{"line":33,"column":17},"end":{"line":33,"column":26}}],"line":33},"2":{"loc":{"start":{"line":38,"column":3},"end":{"line":40,"column":4}},"type":"if","locations":[{"start":{"line":38,"column":3},"end":{"line":40,"column":4}},{"start":{},"end":{}}],"line":38},"3":{"loc":{"start":{"line":49,"column":3},"end":{"line":53,"column":4}},"type":"if","locations":[{"start":{"line":49,"column":3},"end":{"line":53,"column":4}},{"start":{"line":51,"column":10},"end":{"line":53,"column":4}}],"line":49},"4":{"loc":{"start":{"line":106,"column":49},"end":{"line":106,"column":37642}},"type":"binary-expr","locations":[{"start":{"line":106,"column":49},"end":{"line":106,"column":86}},{"start":{"line":106,"column":90},"end":{"line":106,"column":37642}}],"line":106}},"s":{"0":3,"1":3,"2":3,"3":3,"4":7,"5":7,"6":7,"7":1,"8":1,"9":1,"10":6,"11":5,"12":5,"13":5,"14":2,"15":3,"16":3,"17":1,"18":2,"19":2,"20":2,"21":2,"22":1,"23":1,"24":1,"25":4,"26":0,"27":0,"28":0,"29":0,"30":0,"31":0,"32":0,"33":0,"34":0,"35":0,"36":0,"37":3,"38":1,"39":1,"40":1,"41":1,"42":1,"43":0,"44":0,"45":0,"46":0,"47":0,"48":0,"49":0},"f":{"0":7,"1":5,"2":0,"3":1,"4":1,"5":0,"6":0,"7":0},"b":{"0":[2,3],"1":[5,4],"2":[1,2],"3":[1,1],"4":[1,0]},"_coverageSchema":"1a1c01bbd47fc00a2c39e90264f33305004495a9","hash":"ade218f2de6b6aeaedac8fc06a44b8f6cd7dfa3b"}
,"C:\\Users\\chris\\OneDrive\\Documents\\Hacktiv8\\Phase2\\3w\\2d\\IP-BSD008-chris\\server\\helpers\\bcrypt.js": {"path":"C:\\Users\\chris\\OneDrive\\Documents\\Hacktiv8\\Phase2\\3w\\2d\\IP-BSD008-chris\\server\\helpers\\bcrypt.js","statementMap":{"0":{"start":{"line":1,"column":15},"end":{"line":1,"column":34}},"1":{"start":{"line":2,"column":13},"end":{"line":2,"column":35}},"2":{"start":{"line":4,"column":17},"end":{"line":4,"column":56}},"3":{"start":{"line":4,"column":28},"end":{"line":4,"column":56}},"4":{"start":{"line":6,"column":20},"end":{"line":6,"column":72}},"5":{"start":{"line":6,"column":39},"end":{"line":6,"column":72}},"6":{"start":{"line":8,"column":0},"end":{"line":11,"column":2}}},"fnMap":{"0":{"name":"(anonymous_0)","decl":{"start":{"line":4,"column":17},"end":{"line":4,"column":18}},"loc":{"start":{"line":4,"column":28},"end":{"line":4,"column":56}},"line":4},"1":{"name":"(anonymous_1)","decl":{"start":{"line":6,"column":20},"end":{"line":6,"column":21}},"loc":{"start":{"line":6,"column":39},"end":{"line":6,"column":72}},"line":6}},"branchMap":{},"s":{"0":3,"1":3,"2":3,"3":2,"4":3,"5":2,"6":3},"f":{"0":2,"1":2},"b":{},"_coverageSchema":"1a1c01bbd47fc00a2c39e90264f33305004495a9","hash":"9401b5876510db741b7e1362e64e206ba6140bd7"}
,"C:\\Users\\chris\\OneDrive\\Documents\\Hacktiv8\\Phase2\\3w\\2d\\IP-BSD008-chris\\server\\helpers\\jwt.js": {"path":"C:\\Users\\chris\\OneDrive\\Documents\\Hacktiv8\\Phase2\\3w\\2d\\IP-BSD008-chris\\server\\helpers\\jwt.js","statementMap":{"0":{"start":{"line":1,"column":12},"end":{"line":1,"column":35}},"1":{"start":{"line":3,"column":19},"end":{"line":3,"column":41}},"2":{"start":{"line":5,"column":18},"end":{"line":5,"column":60}},"3":{"start":{"line":5,"column":31},"end":{"line":5,"column":60}},"4":{"start":{"line":7,"column":20},"end":{"line":7,"column":60}},"5":{"start":{"line":7,"column":31},"end":{"line":7,"column":60}},"6":{"start":{"line":9,"column":0},"end":{"line":12,"column":2}}},"fnMap":{"0":{"name":"(anonymous_0)","decl":{"start":{"line":5,"column":18},"end":{"line":5,"column":19}},"loc":{"start":{"line":5,"column":31},"end":{"line":5,"column":60}},"line":5},"1":{"name":"(anonymous_1)","decl":{"start":{"line":7,"column":20},"end":{"line":7,"column":21}},"loc":{"start":{"line":7,"column":31},"end":{"line":7,"column":60}},"line":7}},"branchMap":{},"s":{"0":3,"1":3,"2":3,"3":12,"4":3,"5":18,"6":3},"f":{"0":12,"1":18},"b":{},"_coverageSchema":"1a1c01bbd47fc00a2c39e90264f33305004495a9","hash":"0515304bbab873a3ee74c1474b3901e34a0bcbf7"}
,"C:\\Users\\chris\\OneDrive\\Documents\\Hacktiv8\\Phase2\\3w\\2d\\IP-BSD008-chris\\server\\middlewares\\authentication.js": {"path":"C:\\Users\\chris\\OneDrive\\Documents\\Hacktiv8\\Phase2\\3w\\2d\\IP-BSD008-chris\\server\\middlewares\\authentication.js","statementMap":{"0":{"start":{"line":1,"column":22},"end":{"line":1,"column":47}},"1":{"start":{"line":2,"column":15},"end":{"line":2,"column":35}},"2":{"start":{"line":4,"column":21},"end":{"line":28,"column":1}},"3":{"start":{"line":5,"column":1},"end":{"line":27,"column":2}},"4":{"start":{"line":6,"column":15},"end":{"line":6,"column":40}},"5":{"start":{"line":7,"column":2},"end":{"line":9,"column":3}},"6":{"start":{"line":8,"column":3},"end":{"line":8,"column":35}},"7":{"start":{"line":10,"column":22},"end":{"line":10,"column":75}},"8":{"start":{"line":11,"column":16},"end":{"line":11,"column":34}},"9":{"start":{"line":12,"column":15},"end":{"line":12,"column":33}},"10":{"start":{"line":13,"column":22},"end":{"line":13,"column":89}},"11":{"start":{"line":14,"column":2},"end":{"line":16,"column":3}},"12":{"start":{"line":15,"column":3},"end":{"line":15,"column":36}},"13":{"start":{"line":17,"column":19},"end":{"line":17,"column":67}},"14":{"start":{"line":18,"column":2},"end":{"line":20,"column":3}},"15":{"start":{"line":19,"column":3},"end":{"line":19,"column":37}},"16":{"start":{"line":22,"column":25},"end":{"line":22,"column":33}},"17":{"start":{"line":23,"column":2},"end":{"line":23,"column":33}},"18":{"start":{"line":24,"column":2},"end":{"line":24,"column":9}},"19":{"start":{"line":26,"column":2},"end":{"line":26,"column":14}},"20":{"start":{"line":30,"column":0},"end":{"line":30,"column":30}},"21":{"start":{"line":37,"column":38},"end":{"line":37,"column":37654}},"22":{"start":{"line":37,"column":42},"end":{"line":37,"column":37643}},"23":{"start":{"line":37,"column":37679},"end":{"line":37,"column":37719}},"24":{"start":{"line":37,"column":37683},"end":{"line":37,"column":37708}},"25":{"start":{"line":37,"column":37720},"end":{"line":37,"column":37728}},"26":{"start":{"line":37,"column":37753},"end":{"line":37,"column":37795}},"27":{"start":{"line":37,"column":37757},"end":{"line":37,"column":37784}},"28":{"start":{"line":37,"column":37796},"end":{"line":37,"column":37804}},"29":{"start":{"line":37,"column":37823},"end":{"line":37,"column":37860}},"30":{"start":{"line":37,"column":37827},"end":{"line":37,"column":37849}},"31":{"start":{"line":37,"column":37879},"end":{"line":37,"column":37919}},"32":{"start":{"line":37,"column":37883},"end":{"line":37,"column":37908}}},"fnMap":{"0":{"name":"(anonymous_0)","decl":{"start":{"line":4,"column":21},"end":{"line":4,"column":22}},"loc":{"start":{"line":4,"column":47},"end":{"line":28,"column":1}},"line":4},"1":{"name":"oo_cm","decl":{"start":{"line":37,"column":30},"end":{"line":37,"column":35}},"loc":{"start":{"line":37,"column":37},"end":{"line":37,"column":37655}},"line":37},"2":{"name":"oo_oo","decl":{"start":{"line":37,"column":37665},"end":{"line":37,"column":37670}},"loc":{"start":{"line":37,"column":37678},"end":{"line":37,"column":37729}},"line":37},"3":{"name":"oo_tr","decl":{"start":{"line":37,"column":37739},"end":{"line":37,"column":37744}},"loc":{"start":{"line":37,"column":37752},"end":{"line":37,"column":37805}},"line":37},"4":{"name":"oo_ts","decl":{"start":{"line":37,"column":37815},"end":{"line":37,"column":37820}},"loc":{"start":{"line":37,"column":37822},"end":{"line":37,"column":37861}},"line":37},"5":{"name":"oo_te","decl":{"start":{"line":37,"column":37871},"end":{"line":37,"column":37876}},"loc":{"start":{"line":37,"column":37878},"end":{"line":37,"column":37920}},"line":37}},"branchMap":{"0":{"loc":{"start":{"line":7,"column":2},"end":{"line":9,"column":3}},"type":"if","locations":[{"start":{"line":7,"column":2},"end":{"line":9,"column":3}},{"start":{},"end":{}}],"line":7},"1":{"loc":{"start":{"line":14,"column":2},"end":{"line":16,"column":3}},"type":"if","locations":[{"start":{"line":14,"column":2},"end":{"line":16,"column":3}},{"start":{},"end":{}}],"line":14},"2":{"loc":{"start":{"line":18,"column":2},"end":{"line":20,"column":3}},"type":"if","locations":[{"start":{"line":18,"column":2},"end":{"line":20,"column":3}},{"start":{},"end":{}}],"line":18},"3":{"loc":{"start":{"line":37,"column":49},"end":{"line":37,"column":37642}},"type":"binary-expr","locations":[{"start":{"line":37,"column":49},"end":{"line":37,"column":86}},{"start":{"line":37,"column":90},"end":{"line":37,"column":37642}}],"line":37}},"s":{"0":3,"1":3,"2":3,"3":25,"4":25,"5":25,"6":7,"7":18,"8":18,"9":18,"10":17,"11":17,"12":5,"13":12,"14":12,"15":3,"16":9,"17":9,"18":9,"19":16,"20":3,"21":35,"22":35,"23":35,"24":35,"25":35,"26":0,"27":0,"28":0,"29":0,"30":0,"31":0,"32":0},"f":{"0":25,"1":35,"2":35,"3":0,"4":0,"5":0},"b":{"0":[7,18],"1":[5,12],"2":[3,9],"3":[35,2]},"_coverageSchema":"1a1c01bbd47fc00a2c39e90264f33305004495a9","hash":"a518b056cd7fdab00ef6673066a2e67877e9a0be"}
,"C:\\Users\\chris\\OneDrive\\Documents\\Hacktiv8\\Phase2\\3w\\2d\\IP-BSD008-chris\\server\\middlewares\\errorHandler.js": {"path":"C:\\Users\\chris\\OneDrive\\Documents\\Hacktiv8\\Phase2\\3w\\2d\\IP-BSD008-chris\\server\\middlewares\\errorHandler.js","statementMap":{"0":{"start":{"line":1,"column":21},"end":{"line":50,"column":1}},"1":{"start":{"line":2,"column":12},"end":{"line":2,"column":15}},"2":{"start":{"line":3,"column":15},"end":{"line":3,"column":38}},"3":{"start":{"line":5,"column":21},"end":{"line":5,"column":74}},"4":{"start":{"line":7,"column":1},"end":{"line":10,"column":2}},"5":{"start":{"line":8,"column":2},"end":{"line":8,"column":13}},"6":{"start":{"line":9,"column":2},"end":{"line":9,"column":31}},"7":{"start":{"line":12,"column":1},"end":{"line":16,"column":2}},"8":{"start":{"line":13,"column":2},"end":{"line":13,"column":13}},"9":{"start":{"line":14,"column":2},"end":{"line":14,"column":31}},"10":{"start":{"line":15,"column":2},"end":{"line":15,"column":48}},"11":{"start":{"line":15,"column":36},"end":{"line":15,"column":46}},"12":{"start":{"line":17,"column":1},"end":{"line":20,"column":2}},"13":{"start":{"line":18,"column":2},"end":{"line":18,"column":13}},"14":{"start":{"line":19,"column":2},"end":{"line":19,"column":38}},"15":{"start":{"line":22,"column":1},"end":{"line":25,"column":2}},"16":{"start":{"line":23,"column":2},"end":{"line":23,"column":13}},"17":{"start":{"line":24,"column":2},"end":{"line":24,"column":37}},"18":{"start":{"line":26,"column":1},"end":{"line":29,"column":2}},"19":{"start":{"line":27,"column":2},"end":{"line":27,"column":13}},"20":{"start":{"line":28,"column":2},"end":{"line":28,"column":41}},"21":{"start":{"line":30,"column":1},"end":{"line":33,"column":2}},"22":{"start":{"line":31,"column":2},"end":{"line":31,"column":13}},"23":{"start":{"line":32,"column":2},"end":{"line":32,"column":28}},"24":{"start":{"line":34,"column":1},"end":{"line":37,"column":2}},"25":{"start":{"line":35,"column":2},"end":{"line":35,"column":13}},"26":{"start":{"line":36,"column":2},"end":{"line":36,"column":28}},"27":{"start":{"line":39,"column":1},"end":{"line":42,"column":2}},"28":{"start":{"line":40,"column":2},"end":{"line":40,"column":13}},"29":{"start":{"line":41,"column":2},"end":{"line":41,"column":24}},"30":{"start":{"line":44,"column":1},"end":{"line":47,"column":2}},"31":{"start":{"line":45,"column":2},"end":{"line":45,"column":13}},"32":{"start":{"line":46,"column":2},"end":{"line":46,"column":29}},"33":{"start":{"line":49,"column":1},"end":{"line":49,"column":42}},"34":{"start":{"line":52,"column":0},"end":{"line":52,"column":30}},"35":{"start":{"line":59,"column":38},"end":{"line":59,"column":37654}},"36":{"start":{"line":59,"column":42},"end":{"line":59,"column":37643}},"37":{"start":{"line":59,"column":37679},"end":{"line":59,"column":37719}},"38":{"start":{"line":59,"column":37683},"end":{"line":59,"column":37708}},"39":{"start":{"line":59,"column":37720},"end":{"line":59,"column":37728}},"40":{"start":{"line":59,"column":37753},"end":{"line":59,"column":37795}},"41":{"start":{"line":59,"column":37757},"end":{"line":59,"column":37784}},"42":{"start":{"line":59,"column":37796},"end":{"line":59,"column":37804}},"43":{"start":{"line":59,"column":37823},"end":{"line":59,"column":37860}},"44":{"start":{"line":59,"column":37827},"end":{"line":59,"column":37849}},"45":{"start":{"line":59,"column":37879},"end":{"line":59,"column":37919}},"46":{"start":{"line":59,"column":37883},"end":{"line":59,"column":37908}}},"fnMap":{"0":{"name":"(anonymous_0)","decl":{"start":{"line":1,"column":21},"end":{"line":1,"column":22}},"loc":{"start":{"line":1,"column":48},"end":{"line":50,"column":1}},"line":1},"1":{"name":"(anonymous_1)","decl":{"start":{"line":15,"column":28},"end":{"line":15,"column":29}},"loc":{"start":{"line":15,"column":36},"end":{"line":15,"column":46}},"line":15},"2":{"name":"oo_cm","decl":{"start":{"line":59,"column":30},"end":{"line":59,"column":35}},"loc":{"start":{"line":59,"column":37},"end":{"line":59,"column":37655}},"line":59},"3":{"name":"oo_oo","decl":{"start":{"line":59,"column":37665},"end":{"line":59,"column":37670}},"loc":{"start":{"line":59,"column":37678},"end":{"line":59,"column":37729}},"line":59},"4":{"name":"oo_tr","decl":{"start":{"line":59,"column":37739},"end":{"line":59,"column":37744}},"loc":{"start":{"line":59,"column":37752},"end":{"line":59,"column":37805}},"line":59},"5":{"name":"oo_ts","decl":{"start":{"line":59,"column":37815},"end":{"line":59,"column":37820}},"loc":{"start":{"line":59,"column":37822},"end":{"line":59,"column":37861}},"line":59},"6":{"name":"oo_te","decl":{"start":{"line":59,"column":37871},"end":{"line":59,"column":37876}},"loc":{"start":{"line":59,"column":37878},"end":{"line":59,"column":37920}},"line":59}},"branchMap":{"0":{"loc":{"start":{"line":7,"column":1},"end":{"line":10,"column":2}},"type":"if","locations":[{"start":{"line":7,"column":1},"end":{"line":10,"column":2}},{"start":{},"end":{}}],"line":7},"1":{"loc":{"start":{"line":12,"column":1},"end":{"line":16,"column":2}},"type":"if","locations":[{"start":{"line":12,"column":1},"end":{"line":16,"column":2}},{"start":{},"end":{}}],"line":12},"2":{"loc":{"start":{"line":17,"column":1},"end":{"line":20,"column":2}},"type":"if","locations":[{"start":{"line":17,"column":1},"end":{"line":20,"column":2}},{"start":{},"end":{}}],"line":17},"3":{"loc":{"start":{"line":22,"column":1},"end":{"line":25,"column":2}},"type":"if","locations":[{"start":{"line":22,"column":1},"end":{"line":25,"column":2}},{"start":{},"end":{}}],"line":22},"4":{"loc":{"start":{"line":26,"column":1},"end":{"line":29,"column":2}},"type":"if","locations":[{"start":{"line":26,"column":1},"end":{"line":29,"column":2}},{"start":{},"end":{}}],"line":26},"5":{"loc":{"start":{"line":30,"column":1},"end":{"line":33,"column":2}},"type":"if","locations":[{"start":{"line":30,"column":1},"end":{"line":33,"column":2}},{"start":{},"end":{}}],"line":30},"6":{"loc":{"start":{"line":34,"column":1},"end":{"line":37,"column":2}},"type":"if","locations":[{"start":{"line":34,"column":1},"end":{"line":37,"column":2}},{"start":{},"end":{}}],"line":34},"7":{"loc":{"start":{"line":39,"column":1},"end":{"line":42,"column":2}},"type":"if","locations":[{"start":{"line":39,"column":1},"end":{"line":42,"column":2}},{"start":{},"end":{}}],"line":39},"8":{"loc":{"start":{"line":44,"column":1},"end":{"line":47,"column":2}},"type":"if","locations":[{"start":{"line":44,"column":1},"end":{"line":47,"column":2}},{"start":{},"end":{}}],"line":44},"9":{"loc":{"start":{"line":59,"column":49},"end":{"line":59,"column":37642}},"type":"binary-expr","locations":[{"start":{"line":59,"column":49},"end":{"line":59,"column":86}},{"start":{"line":59,"column":90},"end":{"line":59,"column":37642}}],"line":59}},"s":{"0":3,"1":27,"2":27,"3":27,"4":27,"5":27,"6":27,"7":27,"8":6,"9":6,"10":6,"11":7,"12":27,"13":1,"14":1,"15":27,"16":2,"17":2,"18":27,"19":2,"20":2,"21":27,"22":5,"23":5,"24":27,"25":1,"26":1,"27":27,"28":7,"29":7,"30":27,"31":3,"32":3,"33":27,"34":3,"35":27,"36":27,"37":27,"38":27,"39":27,"40":0,"41":0,"42":0,"43":0,"44":0,"45":0,"46":0},"f":{"0":27,"1":7,"2":27,"3":27,"4":0,"5":0,"6":0},"b":{"0":[27,0],"1":[6,21],"2":[1,26],"3":[2,25],"4":[2,25],"5":[5,22],"6":[1,26],"7":[7,20],"8":[3,24],"9":[27,1]},"_coverageSchema":"1a1c01bbd47fc00a2c39e90264f33305004495a9","hash":"c749b46b0cfaa7d1b8f00a6f00e8b12d7cade0bb"}
,"C:\\Users\\chris\\OneDrive\\Documents\\Hacktiv8\\Phase2\\3w\\2d\\IP-BSD008-chris\\server\\models\\favorite.js": {"path":"C:\\Users\\chris\\OneDrive\\Documents\\Hacktiv8\\Phase2\\3w\\2d\\IP-BSD008-chris\\server\\models\\favorite.js","statementMap":{"0":{"start":{"line":2,"column":16},"end":{"line":2,"column":36}},"1":{"start":{"line":3,"column":0},"end":{"line":63,"column":2}},"2":{"start":{"line":14,"column":1},"end":{"line":61,"column":3}},"3":{"start":{"line":62,"column":1},"end":{"line":62,"column":17}}},"fnMap":{"0":{"name":"(anonymous_0)","decl":{"start":{"line":3,"column":17},"end":{"line":3,"column":18}},"loc":{"start":{"line":3,"column":43},"end":{"line":63,"column":1}},"line":3},"1":{"name":"(anonymous_1)","decl":{"start":{"line":10,"column":2},"end":{"line":10,"column":3}},"loc":{"start":{"line":10,"column":27},"end":{"line":12,"column":3}},"line":10}},"branchMap":{},"s":{"0":3,"1":3,"2":3,"3":3},"f":{"0":3,"1":3},"b":{},"_coverageSchema":"1a1c01bbd47fc00a2c39e90264f33305004495a9","hash":"eb75f2379224e64c814c9771c711ae31ffdf881c"}
,"C:\\Users\\chris\\OneDrive\\Documents\\Hacktiv8\\Phase2\\3w\\2d\\IP-BSD008-chris\\server\\models\\index.js": {"path":"C:\\Users\\chris\\OneDrive\\Documents\\Hacktiv8\\Phase2\\3w\\2d\\IP-BSD008-chris\\server\\models\\index.js","statementMap":{"0":{"start":{"line":3,"column":11},"end":{"line":3,"column":24}},"1":{"start":{"line":4,"column":13},"end":{"line":4,"column":28}},"2":{"start":{"line":5,"column":18},"end":{"line":5,"column":38}},"3":{"start":{"line":6,"column":16},"end":{"line":6,"column":34}},"4":{"start":{"line":7,"column":17},"end":{"line":7,"column":42}},"5":{"start":{"line":8,"column":12},"end":{"line":8,"column":49}},"6":{"start":{"line":9,"column":15},"end":{"line":9,"column":65}},"7":{"start":{"line":10,"column":11},"end":{"line":10,"column":13}},"8":{"start":{"line":13,"column":0},"end":{"line":17,"column":1}},"9":{"start":{"line":14,"column":2},"end":{"line":14,"column":74}},"10":{"start":{"line":16,"column":2},"end":{"line":16,"column":87}},"11":{"start":{"line":19,"column":0},"end":{"line":32,"column":5}},"12":{"start":{"line":22,"column":4},"end":{"line":27,"column":6}},"13":{"start":{"line":30,"column":18},"end":{"line":30,"column":85}},"14":{"start":{"line":31,"column":4},"end":{"line":31,"column":27}},"15":{"start":{"line":34,"column":0},"end":{"line":38,"column":3}},"16":{"start":{"line":35,"column":2},"end":{"line":37,"column":3}},"17":{"start":{"line":36,"column":4},"end":{"line":36,"column":32}},"18":{"start":{"line":40,"column":0},"end":{"line":40,"column":25}},"19":{"start":{"line":41,"column":0},"end":{"line":41,"column":25}},"20":{"start":{"line":43,"column":0},"end":{"line":43,"column":20}}},"fnMap":{"0":{"name":"(anonymous_0)","decl":{"start":{"line":21,"column":10},"end":{"line":21,"column":11}},"loc":{"start":{"line":21,"column":18},"end":{"line":28,"column":3}},"line":21},"1":{"name":"(anonymous_1)","decl":{"start":{"line":29,"column":11},"end":{"line":29,"column":12}},"loc":{"start":{"line":29,"column":19},"end":{"line":32,"column":3}},"line":29},"2":{"name":"(anonymous_2)","decl":{"start":{"line":34,"column":24},"end":{"line":34,"column":25}},"loc":{"start":{"line":34,"column":37},"end":{"line":38,"column":1}},"line":34}},"branchMap":{"0":{"loc":{"start":{"line":8,"column":12},"end":{"line":8,"column":49}},"type":"binary-expr","locations":[{"start":{"line":8,"column":12},"end":{"line":8,"column":32}},{"start":{"line":8,"column":36},"end":{"line":8,"column":49}}],"line":8},"1":{"loc":{"start":{"line":13,"column":0},"end":{"line":17,"column":1}},"type":"if","locations":[{"start":{"line":13,"column":0},"end":{"line":17,"column":1}},{"start":{"line":15,"column":7},"end":{"line":17,"column":1}}],"line":13},"2":{"loc":{"start":{"line":23,"column":6},"end":{"line":26,"column":37}},"type":"binary-expr","locations":[{"start":{"line":23,"column":6},"end":{"line":23,"column":29}},{"start":{"line":24,"column":6},"end":{"line":24,"column":23}},{"start":{"line":25,"column":6},"end":{"line":25,"column":30}},{"start":{"line":26,"column":6},"end":{"line":26,"column":37}}],"line":23},"3":{"loc":{"start":{"line":35,"column":2},"end":{"line":37,"column":3}},"type":"if","locations":[{"start":{"line":35,"column":2},"end":{"line":37,"column":3}},{"start":{},"end":{}}],"line":35}},"s":{"0":3,"1":3,"2":3,"3":3,"4":3,"5":3,"6":3,"7":3,"8":3,"9":0,"10":3,"11":3,"12":12,"13":9,"14":9,"15":3,"16":9,"17":9,"18":3,"19":3,"20":3},"f":{"0":12,"1":9,"2":9},"b":{"0":[3,0],"1":[0,3],"2":[12,12,9,9],"3":[9,0]},"_coverageSchema":"1a1c01bbd47fc00a2c39e90264f33305004495a9","hash":"4fa0718d00ac3314ce4e0a1fd2f96ce7846ab2bc"}
,"C:\\Users\\chris\\OneDrive\\Documents\\Hacktiv8\\Phase2\\3w\\2d\\IP-BSD008-chris\\server\\models\\pocket.js": {"path":"C:\\Users\\chris\\OneDrive\\Documents\\Hacktiv8\\Phase2\\3w\\2d\\IP-BSD008-chris\\server\\models\\pocket.js","statementMap":{"0":{"start":{"line":4,"column":4},"end":{"line":4,"column":24}},"1":{"start":{"line":5,"column":0},"end":{"line":25,"column":2}},"2":{"start":{"line":16,"column":2},"end":{"line":23,"column":5}},"3":{"start":{"line":24,"column":2},"end":{"line":24,"column":16}}},"fnMap":{"0":{"name":"(anonymous_0)","decl":{"start":{"line":5,"column":17},"end":{"line":5,"column":18}},"loc":{"start":{"line":5,"column":43},"end":{"line":25,"column":1}},"line":5},"1":{"name":"(anonymous_1)","decl":{"start":{"line":12,"column":4},"end":{"line":12,"column":5}},"loc":{"start":{"line":12,"column":29},"end":{"line":14,"column":5}},"line":12}},"branchMap":{},"s":{"0":3,"1":3,"2":3,"3":3},"f":{"0":3,"1":3},"b":{},"_coverageSchema":"1a1c01bbd47fc00a2c39e90264f33305004495a9","hash":"79da4f354dc3357f70418b0b262a95b0ac0e6459"}
,"C:\\Users\\chris\\OneDrive\\Documents\\Hacktiv8\\Phase2\\3w\\2d\\IP-BSD008-chris\\server\\models\\user.js": {"path":"C:\\Users\\chris\\OneDrive\\Documents\\Hacktiv8\\Phase2\\3w\\2d\\IP-BSD008-chris\\server\\models\\user.js","statementMap":{"0":{"start":{"line":2,"column":16},"end":{"line":2,"column":36}},"1":{"start":{"line":3,"column":19},"end":{"line":3,"column":47}},"2":{"start":{"line":4,"column":0},"end":{"line":54,"column":2}},"3":{"start":{"line":15,"column":1},"end":{"line":52,"column":3}},"4":{"start":{"line":48,"column":5},"end":{"line":48,"column":53}},"5":{"start":{"line":53,"column":1},"end":{"line":53,"column":13}}},"fnMap":{"0":{"name":"(anonymous_0)","decl":{"start":{"line":4,"column":17},"end":{"line":4,"column":18}},"loc":{"start":{"line":4,"column":43},"end":{"line":54,"column":1}},"line":4},"1":{"name":"(anonymous_1)","decl":{"start":{"line":11,"column":2},"end":{"line":11,"column":3}},"loc":{"start":{"line":11,"column":27},"end":{"line":13,"column":3}},"line":11},"2":{"name":"(anonymous_2)","decl":{"start":{"line":47,"column":18},"end":{"line":47,"column":19}},"loc":{"start":{"line":47,"column":32},"end":{"line":49,"column":5}},"line":47}},"branchMap":{},"s":{"0":3,"1":3,"2":3,"3":3,"4":2,"5":3},"f":{"0":3,"1":3,"2":2},"b":{},"_coverageSchema":"1a1c01bbd47fc00a2c39e90264f33305004495a9","hash":"1c6550d4aa66998632629fbfc26676a4da4b3165"}
,"C:\\Users\\chris\\OneDrive\\Documents\\Hacktiv8\\Phase2\\3w\\2d\\IP-BSD008-chris\\server\\routers\\index.js": {"path":"C:\\Users\\chris\\OneDrive\\Documents\\Hacktiv8\\Phase2\\3w\\2d\\IP-BSD008-chris\\server\\routers\\index.js","statementMap":{"0":{"start":{"line":1,"column":23},"end":{"line":1,"column":63}},"1":{"start":{"line":2,"column":23},"end":{"line":2,"column":63}},"2":{"start":{"line":3,"column":15},"end":{"line":3,"column":42}},"3":{"start":{"line":4,"column":21},"end":{"line":4,"column":61}},"4":{"start":{"line":6,"column":0},"end":{"line":6,"column":44}},"5":{"start":{"line":7,"column":0},"end":{"line":7,"column":50}},"6":{"start":{"line":8,"column":0},"end":{"line":8,"column":56}},"7":{"start":{"line":10,"column":0},"end":{"line":10,"column":25}},"8":{"start":{"line":11,"column":0},"end":{"line":11,"column":51}},"9":{"start":{"line":12,"column":0},"end":{"line":12,"column":50}},"10":{"start":{"line":14,"column":0},"end":{"line":14,"column":52}},"11":{"start":{"line":15,"column":0},"end":{"line":15,"column":60}},"12":{"start":{"line":16,"column":0},"end":{"line":16,"column":57}},"13":{"start":{"line":17,"column":0},"end":{"line":17,"column":64}},"14":{"start":{"line":19,"column":0},"end":{"line":19,"column":64}},"15":{"start":{"line":21,"column":0},"end":{"line":21,"column":24}}},"fnMap":{},"branchMap":{},"s":{"0":3,"1":3,"2":3,"3":3,"4":3,"5":3,"6":3,"7":3,"8":3,"9":3,"10":3,"11":3,"12":3,"13":3,"14":3,"15":3},"f":{},"b":{},"_coverageSchema":"1a1c01bbd47fc00a2c39e90264f33305004495a9","hash":"95745395941f71400c1cca2dc24d2db89fc5aba3"}
}
