TN:
SF:app.js
FNF:0
FNH:0
DA:1,3
DA:2,3
DA:4,3
DA:5,3
DA:6,3
DA:7,3
DA:8,3
DA:10,3
DA:11,3
DA:12,3
DA:13,3
DA:14,3
DA:16,3
LF:13
LH:13
BRDA:1,0,0,3
BRDA:1,0,1,0
BRF:2
BRH:1
end_of_record
TN:
SF:controllers\mainController.js
FN:5,(anonymous_0)
FN:22,(anonymous_1)
FN:42,(anonymous_2)
FN:67,oo_cm
FN:67,oo_oo
FN:67,oo_tr
FN:67,oo_ts
FN:67,oo_te
FNF:8
FNH:5
FNDA:1,(anonymous_0)
FNDA:2,(anonymous_1)
FNDA:1,(anonymous_2)
FNDA:6,oo_cm
FNDA:6,oo_oo
FNDA:0,oo_tr
FNDA:0,oo_ts
FNDA:0,oo_te
DA:1,3
DA:2,3
DA:6,1
DA:7,1
DA:8,1
DA:16,1
DA:18,0
DA:23,2
DA:24,2
DA:25,2
DA:26,2
DA:27,2
DA:34,1
DA:35,1
DA:37,1
DA:38,1
DA:43,1
DA:44,1
DA:45,1
DA:46,1
DA:47,1
DA:52,1
DA:53,1
DA:55,0
DA:60,3
DA:67,6
LF:26
LH:24
BRDA:67,0,0,6
BRDA:67,0,1,0
BRF:2
BRH:1
end_of_record
TN:
SF:controllers\userController.js
FN:7,(anonymous_0)
FN:29,(anonymous_1)
FN:59,(anonymous_2)
FN:104,oo_cm
FN:104,oo_oo
FN:104,oo_tr
FN:104,oo_ts
FN:104,oo_te
FNF:8
FNH:4
FNDA:7,(anonymous_0)
FNDA:5,(anonymous_1)
FNDA:0,(anonymous_2)
FNDA:1,oo_cm
FNDA:1,oo_oo
FNDA:0,oo_tr
FNDA:0,oo_ts
FNDA:0,oo_te
DA:1,3
DA:2,3
DA:3,3
DA:4,3
DA:8,7
DA:9,7
DA:11,7
DA:16,1
DA:17,1
DA:23,1
DA:25,6
DA:30,5
DA:32,5
DA:33,5
DA:34,2
DA:36,3
DA:38,3
DA:39,1
DA:42,2
DA:43,2
DA:44,2
DA:48,2
DA:49,1
DA:51,1
DA:53,1
DA:55,4
DA:60,0
DA:61,0
DA:62,0
DA:63,0
DA:65,0
DA:71,0
DA:72,0
DA:77,0
DA:89,0
DA:90,0
DA:92,0
DA:97,3
DA:104,1
LF:39
LH:28
BRDA:33,0,0,2
BRDA:33,0,1,3
BRDA:33,1,0,5
BRDA:33,1,1,4
BRDA:38,2,0,1
BRDA:38,2,1,2
BRDA:48,3,0,1
BRDA:48,3,1,1
BRDA:104,4,0,1
BRDA:104,4,1,0
BRF:10
BRH:9
end_of_record
TN:
SF:helpers\bcrypt.js
FN:4,(anonymous_0)
FN:6,(anonymous_1)
FNF:2
FNH:2
FNDA:2,(anonymous_0)
FNDA:2,(anonymous_1)
DA:1,3
DA:2,3
DA:4,3
DA:6,3
DA:8,3
LF:5
LH:5
BRF:0
BRH:0
end_of_record
TN:
SF:helpers\jwt.js
FN:5,(anonymous_0)
FN:7,(anonymous_1)
FNF:2
FNH:2
FNDA:10,(anonymous_0)
FNDA:11,(anonymous_1)
DA:1,3
DA:3,3
DA:5,10
DA:7,11
DA:9,3
LF:5
LH:5
BRF:0
BRH:0
end_of_record
TN:
SF:middlewares\authentication.js
FN:4,(anonymous_0)
FN:36,oo_cm
FN:36,oo_oo
FN:36,oo_tr
FN:36,oo_ts
FN:36,oo_te
FNF:6
FNH:3
FNDA:14,(anonymous_0)
FNDA:10,oo_cm
FNDA:10,oo_oo
FNDA:0,oo_tr
FNDA:0,oo_ts
FNDA:0,oo_te
DA:1,3
DA:2,3
DA:4,3
DA:5,14
DA:6,14
DA:7,14
DA:8,3
DA:10,11
DA:11,11
DA:12,10
DA:13,10
DA:14,3
DA:16,7
DA:17,7
DA:18,3
DA:21,4
DA:22,4
DA:23,4
DA:25,10
DA:29,3
DA:36,10
LF:21
LH:21
BRDA:7,0,0,3
BRDA:7,0,1,11
BRDA:13,1,0,3
BRDA:13,1,1,7
BRDA:17,2,0,3
BRDA:17,2,1,4
BRDA:36,3,0,10
BRDA:36,3,1,2
BRF:8
BRH:8
end_of_record
TN:
SF:middlewares\errorHandler.js
FN:1,(anonymous_0)
FN:15,(anonymous_1)
FN:59,oo_cm
FN:59,oo_oo
FN:59,oo_tr
FN:59,oo_ts
FN:59,oo_te
FNF:7
FNH:4
FNDA:21,(anonymous_0)
FNDA:7,(anonymous_1)
FNDA:21,oo_cm
FNDA:21,oo_oo
FNDA:0,oo_tr
FNDA:0,oo_ts
FNDA:0,oo_te
DA:1,3
DA:2,21
DA:3,21
DA:5,21
DA:7,21
DA:8,21
DA:9,21
DA:12,21
DA:13,6
DA:14,6
DA:15,7
DA:17,21
DA:18,1
DA:19,1
DA:22,21
DA:23,2
DA:24,2
DA:26,21
DA:27,2
DA:28,2
DA:30,21
DA:31,3
DA:32,3
DA:34,21
DA:35,1
DA:36,1
DA:39,21
DA:40,3
DA:41,3
DA:44,21
DA:45,3
DA:46,3
DA:49,21
DA:52,3
DA:59,21
LF:35
LH:35
BRDA:7,0,0,21
BRDA:7,0,1,0
BRDA:12,1,0,6
BRDA:12,1,1,15
BRDA:17,2,0,1
BRDA:17,2,1,20
BRDA:22,3,0,2
BRDA:22,3,1,19
BRDA:26,4,0,2
BRDA:26,4,1,19
BRDA:30,5,0,3
BRDA:30,5,1,18
BRDA:34,6,0,1
BRDA:34,6,1,20
BRDA:39,7,0,3
BRDA:39,7,1,18
BRDA:44,8,0,3
BRDA:44,8,1,18
BRDA:59,9,0,21
BRDA:59,9,1,1
BRF:20
BRH:19
end_of_record
TN:
SF:models\favorite.js
FN:3,(anonymous_0)
FN:10,(anonymous_1)
FNF:2
FNH:2
FNDA:3,(anonymous_0)
FNDA:3,(anonymous_1)
DA:2,3
DA:3,3
DA:14,3
DA:62,3
LF:4
LH:4
BRF:0
BRH:0
end_of_record
TN:
SF:models\index.js
FN:21,(anonymous_0)
FN:29,(anonymous_1)
FN:34,(anonymous_2)
FNF:3
FNH:3
FNDA:12,(anonymous_0)
FNDA:9,(anonymous_1)
FNDA:9,(anonymous_2)
DA:3,3
DA:4,3
DA:5,3
DA:6,3
DA:7,3
DA:8,3
DA:9,3
DA:10,3
DA:13,3
DA:14,0
DA:16,3
DA:19,3
DA:22,12
DA:30,9
DA:31,9
DA:34,3
DA:35,9
DA:36,9
DA:40,3
DA:41,3
DA:43,3
LF:21
LH:20
BRDA:8,0,0,3
BRDA:8,0,1,0
BRDA:13,1,0,0
BRDA:13,1,1,3
BRDA:23,2,0,12
BRDA:23,2,1,12
BRDA:23,2,2,9
BRDA:23,2,3,9
BRDA:35,3,0,9
BRDA:35,3,1,0
BRF:10
BRH:7
end_of_record
TN:
SF:models\pocket.js
FN:5,(anonymous_0)
FN:12,(anonymous_1)
FNF:2
FNH:2
FNDA:3,(anonymous_0)
FNDA:3,(anonymous_1)
DA:4,3
DA:5,3
DA:16,3
DA:24,3
LF:4
LH:4
BRF:0
BRH:0
end_of_record
TN:
SF:models\user.js
FN:4,(anonymous_0)
FN:11,(anonymous_1)
FN:47,(anonymous_2)
FNF:3
FNH:3
FNDA:3,(anonymous_0)
FNDA:3,(anonymous_1)
FNDA:2,(anonymous_2)
DA:2,3
DA:3,3
DA:4,3
DA:15,3
DA:48,2
DA:53,3
LF:6
LH:6
BRF:0
BRH:0
end_of_record
TN:
SF:routers\index.js
FNF:0
FNH:0
DA:1,3
DA:2,3
DA:3,3
DA:4,3
DA:6,3
DA:7,3
DA:8,3
DA:10,3
DA:11,3
DA:12,3
DA:13,3
DA:15,3
LF:12
LH:12
BRF:0
BRH:0
end_of_record
