TN:
SF:app.js
FNF:0
FNH:0
DA:1,3
DA:2,3
DA:4,3
DA:5,3
DA:6,3
DA:7,3
DA:8,3
DA:10,3
DA:11,3
DA:12,3
DA:13,3
DA:14,3
DA:16,3
LF:13
LH:13
BRDA:1,0,0,3
BRDA:1,0,1,0
BRF:2
BRH:1
end_of_record
TN:
SF:controllers\mainController.js
FN:5,(anonymous_0)
FN:23,(anonymous_1)
FN:34,(anonymous_2)
FN:46,(anonymous_3)
FN:66,(anonymous_4)
FN:87,(anonymous_5)
FN:97,(anonymous_6)
FN:119,oo_cm
FN:119,oo_oo
FN:119,oo_tr
FN:119,oo_ts
FN:119,oo_te
FNF:12
FNH:9
FNDA:1,(anonymous_0)
FNDA:1,(anonymous_1)
FNDA:2,(anonymous_2)
FNDA:2,(anonymous_3)
FNDA:1,(anonymous_4)
FNDA:1,(anonymous_5)
FNDA:1,(anonymous_6)
FNDA:9,oo_cm
FNDA:9,oo_oo
FNDA:0,oo_tr
FNDA:0,oo_ts
FNDA:0,oo_te
DA:1,3
DA:2,3
DA:6,1
DA:7,1
DA:8,1
DA:9,1
DA:17,1
DA:19,0
DA:24,1
DA:25,1
DA:26,1
DA:27,1
DA:29,0
DA:30,0
DA:35,2
DA:36,2
DA:37,2
DA:38,2
DA:39,2
DA:41,0
DA:42,0
DA:47,2
DA:48,2
DA:49,2
DA:50,2
DA:51,2
DA:52,2
DA:59,1
DA:61,1
DA:62,1
DA:67,1
DA:68,1
DA:69,1
DA:81,1
DA:83,0
DA:88,1
DA:89,1
DA:90,1
DA:92,0
DA:93,0
DA:98,1
DA:99,1
DA:100,1
DA:101,1
DA:104,1
DA:105,1
DA:107,0
DA:112,3
DA:119,9
LF:49
LH:40
BRDA:119,0,0,9
BRDA:119,0,1,0
BRF:2
BRH:1
end_of_record
TN:
SF:controllers\userController.js
FN:7,(anonymous_0)
FN:29,(anonymous_1)
FN:60,(anonymous_2)
FN:106,oo_cm
FN:106,oo_oo
FN:106,oo_tr
FN:106,oo_ts
FN:106,oo_te
FNF:8
FNH:4
FNDA:7,(anonymous_0)
FNDA:5,(anonymous_1)
FNDA:0,(anonymous_2)
FNDA:1,oo_cm
FNDA:1,oo_oo
FNDA:0,oo_tr
FNDA:0,oo_ts
FNDA:0,oo_te
DA:1,3
DA:2,3
DA:3,3
DA:4,3
DA:8,7
DA:9,7
DA:11,7
DA:16,1
DA:17,1
DA:23,1
DA:25,6
DA:30,5
DA:32,5
DA:33,5
DA:34,2
DA:36,3
DA:38,3
DA:39,1
DA:42,2
DA:43,2
DA:44,2
DA:49,2
DA:50,1
DA:52,1
DA:54,1
DA:56,4
DA:61,0
DA:62,0
DA:63,0
DA:64,0
DA:66,0
DA:72,0
DA:73,0
DA:79,0
DA:91,0
DA:92,0
DA:94,0
DA:99,3
DA:106,1
LF:39
LH:28
BRDA:33,0,0,2
BRDA:33,0,1,3
BRDA:33,1,0,5
BRDA:33,1,1,4
BRDA:38,2,0,1
BRDA:38,2,1,2
BRDA:49,3,0,1
BRDA:49,3,1,1
BRDA:106,4,0,1
BRDA:106,4,1,0
BRF:10
BRH:9
end_of_record
TN:
SF:helpers\bcrypt.js
FN:4,(anonymous_0)
FN:6,(anonymous_1)
FNF:2
FNH:2
FNDA:2,(anonymous_0)
FNDA:2,(anonymous_1)
DA:1,3
DA:2,3
DA:4,3
DA:6,3
DA:8,3
LF:5
LH:5
BRF:0
BRH:0
end_of_record
TN:
SF:helpers\jwt.js
FN:5,(anonymous_0)
FN:7,(anonymous_1)
FNF:2
FNH:2
FNDA:12,(anonymous_0)
FNDA:18,(anonymous_1)
DA:1,3
DA:3,3
DA:5,12
DA:7,18
DA:9,3
LF:5
LH:5
BRF:0
BRH:0
end_of_record
TN:
SF:middlewares\authentication.js
FN:4,(anonymous_0)
FN:37,oo_cm
FN:37,oo_oo
FN:37,oo_tr
FN:37,oo_ts
FN:37,oo_te
FNF:6
FNH:3
FNDA:25,(anonymous_0)
FNDA:35,oo_cm
FNDA:35,oo_oo
FNDA:0,oo_tr
FNDA:0,oo_ts
FNDA:0,oo_te
DA:1,3
DA:2,3
DA:4,3
DA:5,25
DA:6,25
DA:7,25
DA:8,7
DA:10,18
DA:11,18
DA:12,18
DA:13,17
DA:14,17
DA:15,5
DA:17,12
DA:18,12
DA:19,3
DA:22,9
DA:23,9
DA:24,9
DA:26,16
DA:30,3
DA:37,35
LF:22
LH:22
BRDA:7,0,0,7
BRDA:7,0,1,18
BRDA:14,1,0,5
BRDA:14,1,1,12
BRDA:18,2,0,3
BRDA:18,2,1,9
BRDA:37,3,0,35
BRDA:37,3,1,2
BRF:8
BRH:8
end_of_record
TN:
SF:middlewares\errorHandler.js
FN:1,(anonymous_0)
FN:15,(anonymous_1)
FN:59,oo_cm
FN:59,oo_oo
FN:59,oo_tr
FN:59,oo_ts
FN:59,oo_te
FNF:7
FNH:4
FNDA:27,(anonymous_0)
FNDA:7,(anonymous_1)
FNDA:27,oo_cm
FNDA:27,oo_oo
FNDA:0,oo_tr
FNDA:0,oo_ts
FNDA:0,oo_te
DA:1,3
DA:2,27
DA:3,27
DA:5,27
DA:7,27
DA:8,27
DA:9,27
DA:12,27
DA:13,6
DA:14,6
DA:15,7
DA:17,27
DA:18,1
DA:19,1
DA:22,27
DA:23,2
DA:24,2
DA:26,27
DA:27,2
DA:28,2
DA:30,27
DA:31,5
DA:32,5
DA:34,27
DA:35,1
DA:36,1
DA:39,27
DA:40,7
DA:41,7
DA:44,27
DA:45,3
DA:46,3
DA:49,27
DA:52,3
DA:59,27
LF:35
LH:35
BRDA:7,0,0,27
BRDA:7,0,1,0
BRDA:12,1,0,6
BRDA:12,1,1,21
BRDA:17,2,0,1
BRDA:17,2,1,26
BRDA:22,3,0,2
BRDA:22,3,1,25
BRDA:26,4,0,2
BRDA:26,4,1,25
BRDA:30,5,0,5
BRDA:30,5,1,22
BRDA:34,6,0,1
BRDA:34,6,1,26
BRDA:39,7,0,7
BRDA:39,7,1,20
BRDA:44,8,0,3
BRDA:44,8,1,24
BRDA:59,9,0,27
BRDA:59,9,1,1
BRF:20
BRH:19
end_of_record
TN:
SF:models\favorite.js
FN:3,(anonymous_0)
FN:10,(anonymous_1)
FNF:2
FNH:2
FNDA:3,(anonymous_0)
FNDA:3,(anonymous_1)
DA:2,3
DA:3,3
DA:14,3
DA:62,3
LF:4
LH:4
BRF:0
BRH:0
end_of_record
TN:
SF:models\index.js
FN:21,(anonymous_0)
FN:29,(anonymous_1)
FN:34,(anonymous_2)
FNF:3
FNH:3
FNDA:12,(anonymous_0)
FNDA:9,(anonymous_1)
FNDA:9,(anonymous_2)
DA:3,3
DA:4,3
DA:5,3
DA:6,3
DA:7,3
DA:8,3
DA:9,3
DA:10,3
DA:13,3
DA:14,0
DA:16,3
DA:19,3
DA:22,12
DA:30,9
DA:31,9
DA:34,3
DA:35,9
DA:36,9
DA:40,3
DA:41,3
DA:43,3
LF:21
LH:20
BRDA:8,0,0,3
BRDA:8,0,1,0
BRDA:13,1,0,0
BRDA:13,1,1,3
BRDA:23,2,0,12
BRDA:23,2,1,12
BRDA:23,2,2,9
BRDA:23,2,3,9
BRDA:35,3,0,9
BRDA:35,3,1,0
BRF:10
BRH:7
end_of_record
TN:
SF:models\pocket.js
FN:5,(anonymous_0)
FN:12,(anonymous_1)
FNF:2
FNH:2
FNDA:3,(anonymous_0)
FNDA:3,(anonymous_1)
DA:4,3
DA:5,3
DA:16,3
DA:24,3
LF:4
LH:4
BRF:0
BRH:0
end_of_record
TN:
SF:models\user.js
FN:4,(anonymous_0)
FN:11,(anonymous_1)
FN:47,(anonymous_2)
FNF:3
FNH:3
FNDA:3,(anonymous_0)
FNDA:3,(anonymous_1)
FNDA:2,(anonymous_2)
DA:2,3
DA:3,3
DA:4,3
DA:15,3
DA:48,2
DA:53,3
LF:6
LH:6
BRF:0
BRH:0
end_of_record
TN:
SF:routers\index.js
FNF:0
FNH:0
DA:1,3
DA:2,3
DA:3,3
DA:4,3
DA:6,3
DA:7,3
DA:8,3
DA:10,3
DA:11,3
DA:12,3
DA:14,3
DA:15,3
DA:16,3
DA:17,3
DA:19,3
DA:21,3
LF:16
LH:16
BRF:0
BRH:0
end_of_record
